2023-01-17 11:28:08.219  INFO 4708 --- [restartedMain] kr.co.ch10.Ch10Application               : Starting Ch10Application using Java 17.0.5 on 1004- with PID 4708 (C:\Users\java1\Desktop\workspace\SpringBoot\Ch10\target\classes started by java1 in C:\Users\java1\Desktop\workspace\SpringBoot\Ch10)
2023-01-17 11:28:08.220  INFO 4708 --- [restartedMain] kr.co.ch10.Ch10Application               : No active profile set, falling back to 1 default profile: "default"
2023-01-17 11:28:08.332  INFO 4708 --- [restartedMain] .s.d.r.c.RepositoryConfigurationDelegate : Multiple Spring Data modules found, entering strict repository configuration mode
2023-01-17 11:28:08.332  INFO 4708 --- [restartedMain] .s.d.r.c.RepositoryConfigurationDelegate : Bootstrapping Spring Data JDBC repositories in DEFAULT mode.
2023-01-17 11:28:08.334  INFO 4708 --- [restartedMain] .s.d.r.c.RepositoryConfigurationDelegate : Finished Spring Data repository scanning in 0 ms. Found 0 JDBC repository interfaces.
2023-01-17 11:28:08.336  INFO 4708 --- [restartedMain] .s.d.r.c.RepositoryConfigurationDelegate : Multiple Spring Data modules found, entering strict repository configuration mode
2023-01-17 11:28:08.336  INFO 4708 --- [restartedMain] .s.d.r.c.RepositoryConfigurationDelegate : Bootstrapping Spring Data JPA repositories in DEFAULT mode.
2023-01-17 11:28:08.337  INFO 4708 --- [restartedMain] .s.d.r.c.RepositoryConfigurationDelegate : Finished Spring Data repository scanning in 0 ms. Found 0 JPA repository interfaces.
2023-01-17 11:28:08.353  WARN 4708 --- [restartedMain] o.m.s.mapper.ClassPathMapperScanner      : No MyBatis mapper was found in '[kr.co.ch10]' package. Please check your configuration.
2023-01-17 11:28:08.384  INFO 4708 --- [restartedMain] o.s.b.w.embedded.tomcat.TomcatWebServer  : Tomcat initialized with port(s): 8080 (http)
2023-01-17 11:28:08.384  INFO 4708 --- [restartedMain] o.apache.catalina.core.StandardService   : Starting service [Tomcat]
2023-01-17 11:28:08.385  INFO 4708 --- [restartedMain] org.apache.catalina.core.StandardEngine  : Starting Servlet engine: [Apache Tomcat/9.0.70]
2023-01-17 11:28:08.396  INFO 4708 --- [restartedMain] o.a.c.c.C.[Tomcat].[localhost].[/Ch10]   : Initializing Spring embedded WebApplicationContext
2023-01-17 11:28:08.396  INFO 4708 --- [restartedMain] w.s.c.ServletWebServerApplicationContext : Root WebApplicationContext: initialization completed in 173 ms
2023-01-17 11:28:08.416  INFO 4708 --- [restartedMain] o.hibernate.jpa.internal.util.LogHelper  : HHH000204: Processing PersistenceUnitInfo [name: default]
2023-01-17 11:28:08.419  INFO 4708 --- [restartedMain] com.zaxxer.hikari.HikariDataSource       : HikariPool-2 - Starting...
2023-01-17 11:28:08.428  INFO 4708 --- [restartedMain] com.zaxxer.hikari.HikariDataSource       : HikariPool-2 - Start completed.
2023-01-17 11:28:08.428  INFO 4708 --- [restartedMain] org.hibernate.dialect.Dialect            : HHH000400: Using dialect: org.hibernate.dialect.MySQL5InnoDBDialect
2023-01-17 11:28:08.440  INFO 4708 --- [restartedMain] o.h.e.t.j.p.i.JtaPlatformInitiator       : HHH000490: Using JtaPlatform implementation: [org.hibernate.engine.transaction.jta.platform.internal.NoJtaPlatform]
2023-01-17 11:28:08.440  INFO 4708 --- [restartedMain] j.LocalContainerEntityManagerFactoryBean : Initialized JPA EntityManagerFactory for persistence unit 'default'
2023-01-17 11:28:08.452  WARN 4708 --- [restartedMain] JpaBaseConfiguration$JpaWebConfiguration : spring.jpa.open-in-view is enabled by default. Therefore, database queries may be performed during view rendering. Explicitly configure spring.jpa.open-in-view to disable this warning
2023-01-17 11:28:08.476  INFO 4708 --- [restartedMain] o.s.b.a.w.s.WelcomePageHandlerMapping    : Adding welcome page template: index
2023-01-17 11:28:08.518  INFO 4708 --- [restartedMain] o.s.b.d.a.OptionalLiveReloadServer       : LiveReload server is running on port 35729
2023-01-17 11:28:08.526  INFO 4708 --- [restartedMain] o.s.b.w.embedded.tomcat.TomcatWebServer  : Tomcat started on port(s): 8080 (http) with context path '/Ch10'
2023-01-17 11:28:08.529  INFO 4708 --- [restartedMain] kr.co.ch10.Ch10Application               : Started Ch10Application in 0.34 seconds (JVM running for 165.658)
2023-01-17 11:28:08.530  INFO 4708 --- [restartedMain] .ConditionEvaluationDeltaLoggingListener : Condition evaluation unchanged
2023-01-17 12:00:51.858  INFO 4708 --- [RMI TCP Connection(38)-127.0.0.1] inMXBeanRegistrar$SpringApplicationAdmin : Application shutdown requested.
2023-01-17 12:00:51.864  INFO 4708 --- [RMI TCP Connection(38)-127.0.0.1] o.apache.catalina.core.StandardService   : Stopping service [Tomcat]
2023-01-17 12:00:51.867  INFO 4708 --- [RMI TCP Connection(38)-127.0.0.1] j.LocalContainerEntityManagerFactoryBean : Closing JPA EntityManagerFactory for persistence unit 'default'
2023-01-17 12:00:51.868  INFO 4708 --- [RMI TCP Connection(38)-127.0.0.1] com.zaxxer.hikari.HikariDataSource       : HikariPool-2 - Shutdown initiated...
2023-01-17 12:00:51.871  INFO 4708 --- [RMI TCP Connection(38)-127.0.0.1] com.zaxxer.hikari.HikariDataSource       : HikariPool-2 - Shutdown completed.
