2023-01-17 10:13:44.723  INFO 6276 --- [restartedMain] kr.co.Ch08.Ch08Application               : Starting Ch08Application using Java 17.0.5 on 1004- with PID 6276 (C:\Users\java1\Desktop\workspace\SpringBoot\Ch08\target\classes started by java1 in C:\Users\java1\Desktop\workspace\SpringBoot\Ch08)
2023-01-17 10:13:44.726  INFO 6276 --- [restartedMain] kr.co.Ch08.Ch08Application               : No active profile set, falling back to 1 default profile: "default"
2023-01-17 10:13:44.757  INFO 6276 --- [restartedMain] .e.DevToolsPropertyDefaultsPostProcessor : Devtools property defaults active! Set 'spring.devtools.add-properties' to 'false' to disable
2023-01-17 10:13:44.757  INFO 6276 --- [restartedMain] .e.DevToolsPropertyDefaultsPostProcessor : For additional web related logging consider setting the 'logging.level.web' property to 'DEBUG'
2023-01-17 10:13:45.156  INFO 6276 --- [restartedMain] .s.d.r.c.RepositoryConfigurationDelegate : Bootstrapping Spring Data JPA repositories in DEFAULT mode.
2023-01-17 10:13:45.194  INFO 6276 --- [restartedMain] .s.d.r.c.RepositoryConfigurationDelegate : Finished Spring Data repository scanning in 31 ms. Found 2 JPA repository interfaces.
2023-01-17 10:13:45.274  WARN 6276 --- [restartedMain] o.m.s.mapper.ClassPathMapperScanner      : No MyBatis mapper was found in '[kr.co.Ch08]' package. Please check your configuration.
2023-01-17 10:13:45.593  INFO 6276 --- [restartedMain] o.s.b.w.embedded.tomcat.TomcatWebServer  : Tomcat initialized with port(s): 8080 (http)
2023-01-17 10:13:45.599  INFO 6276 --- [restartedMain] o.apache.catalina.core.StandardService   : Starting service [Tomcat]
2023-01-17 10:13:45.599  INFO 6276 --- [restartedMain] org.apache.catalina.core.StandardEngine  : Starting Servlet engine: [Apache Tomcat/9.0.70]
2023-01-17 10:13:45.660  INFO 6276 --- [restartedMain] o.a.c.c.C.[Tomcat].[localhost].[/Ch08]   : Initializing Spring embedded WebApplicationContext
2023-01-17 10:13:45.660  INFO 6276 --- [restartedMain] w.s.c.ServletWebServerApplicationContext : Root WebApplicationContext: initialization completed in 902 ms
2023-01-17 10:13:45.797  INFO 6276 --- [restartedMain] o.hibernate.jpa.internal.util.LogHelper  : HHH000204: Processing PersistenceUnitInfo [name: default]
2023-01-17 10:13:45.831  INFO 6276 --- [restartedMain] org.hibernate.Version                    : HHH000412: Hibernate ORM core version 5.6.14.Final
2023-01-17 10:13:45.931  INFO 6276 --- [restartedMain] o.hibernate.annotations.common.Version   : HCANN000001: Hibernate Commons Annotations {5.1.2.Final}
2023-01-17 10:13:46.005  INFO 6276 --- [restartedMain] com.zaxxer.hikari.HikariDataSource       : HikariPool-1 - Starting...
2023-01-17 10:13:46.218  INFO 6276 --- [restartedMain] com.zaxxer.hikari.HikariDataSource       : HikariPool-1 - Start completed.
2023-01-17 10:13:46.229  INFO 6276 --- [restartedMain] org.hibernate.dialect.Dialect            : HHH000400: Using dialect: org.hibernate.dialect.MySQL5InnoDBDialect
2023-01-17 10:13:46.634  INFO 6276 --- [restartedMain] o.h.e.t.j.p.i.JtaPlatformInitiator       : HHH000490: Using JtaPlatform implementation: [org.hibernate.engine.transaction.jta.platform.internal.NoJtaPlatform]
2023-01-17 10:13:46.640  INFO 6276 --- [restartedMain] j.LocalContainerEntityManagerFactoryBean : Initialized JPA EntityManagerFactory for persistence unit 'default'
2023-01-17 10:13:46.877  WARN 6276 --- [restartedMain] JpaBaseConfiguration$JpaWebConfiguration : spring.jpa.open-in-view is enabled by default. Therefore, database queries may be performed during view rendering. Explicitly configure spring.jpa.open-in-view to disable this warning
2023-01-17 10:13:46.953 DEBUG 6276 --- [restartedMain] edFilterInvocationSecurityMetadataSource : Adding web access control expression [permitAll] for Ant [pattern='/']
2023-01-17 10:13:46.964 DEBUG 6276 --- [restartedMain] edFilterInvocationSecurityMetadataSource : Adding web access control expression [hasRole('ROLE_ADMIN')] for Ant [pattern='/admin/**']
2023-01-17 10:13:46.965 DEBUG 6276 --- [restartedMain] edFilterInvocationSecurityMetadataSource : Adding web access control expression [hasAnyRole('ROLE_ADMIN','ROLE_MANAGER')] for Ant [pattern='/manager/**']
2023-01-17 10:13:46.965 DEBUG 6276 --- [restartedMain] edFilterInvocationSecurityMetadataSource : Adding web access control expression [hasAnyRole('ROLE_ADMIN','ROLE_MANAGER','ROLE_member')] for Ant [pattern='/member/**']
2023-01-17 10:13:46.972  INFO 6276 --- [restartedMain] o.s.s.web.DefaultSecurityFilterChain     : Will secure any request with [org.springframework.security.web.session.DisableEncodeUrlFilter@1957eda4, org.springframework.security.web.context.request.async.WebAsyncManagerIntegrationFilter@28db0e83, org.springframework.security.web.context.SecurityContextPersistenceFilter@2ab19c3e, org.springframework.security.web.header.HeaderWriterFilter@180010b5, org.springframework.security.web.authentication.logout.LogoutFilter@5bea2127, org.springframework.security.web.authentication.UsernamePasswordAuthenticationFilter@68fd82c2, org.springframework.security.web.savedrequest.RequestCacheAwareFilter@3b22df4e, org.springframework.security.web.servletapi.SecurityContextHolderAwareRequestFilter@c812386, org.springframework.security.web.authentication.AnonymousAuthenticationFilter@dd772fb, org.springframework.security.web.session.SessionManagementFilter@75cfd311, org.springframework.security.web.access.ExceptionTranslationFilter@29a35da8, org.springframework.security.web.access.intercept.FilterSecurityInterceptor@4fec0beb]
2023-01-17 10:13:47.078  INFO 6276 --- [restartedMain] o.s.b.a.w.s.WelcomePageHandlerMapping    : Adding welcome page template: index
2023-01-17 10:13:47.274  INFO 6276 --- [restartedMain] o.s.b.d.a.OptionalLiveReloadServer       : LiveReload server is running on port 35729
2023-01-17 10:13:47.307  INFO 6276 --- [restartedMain] o.s.b.w.embedded.tomcat.TomcatWebServer  : Tomcat started on port(s): 8080 (http) with context path '/Ch08'
2023-01-17 10:13:47.315  INFO 6276 --- [restartedMain] kr.co.Ch08.Ch08Application               : Started Ch08Application in 2.844 seconds (JVM running for 3.299)
2023-01-17 10:13:52.458  INFO 6276 --- [RMI TCP Connection(2)-127.0.0.1] inMXBeanRegistrar$SpringApplicationAdmin : Application shutdown requested.
2023-01-17 10:13:52.465  INFO 6276 --- [RMI TCP Connection(2)-127.0.0.1] o.apache.catalina.core.StandardService   : Stopping service [Tomcat]
2023-01-17 10:13:52.471  INFO 6276 --- [RMI TCP Connection(2)-127.0.0.1] j.LocalContainerEntityManagerFactoryBean : Closing JPA EntityManagerFactory for persistence unit 'default'
2023-01-17 10:13:52.473  INFO 6276 --- [RMI TCP Connection(2)-127.0.0.1] com.zaxxer.hikari.HikariDataSource       : HikariPool-1 - Shutdown initiated...
2023-01-17 10:13:52.478  INFO 6276 --- [RMI TCP Connection(2)-127.0.0.1] com.zaxxer.hikari.HikariDataSource       : HikariPool-1 - Shutdown completed.
